#
# A fatal error has been detected by the Java Runtime Environment:
#
#  EXCEPTION_ACCESS_VIOLATION (0xc0000005) at pc=0x000000002c61fe00, pid=10780, tid=0x0000000000002f08
#
# JRE version: Java(TM) SE Runtime Environment (8.0_161-b12) (build 1.8.0_161-b12)
# Java VM: Java HotSpot(TM) 64-Bit Server VM (25.161-b12 mixed mode windows-amd64 compressed oops)
# Problematic frame:
# C  0x000000002c61fe00
#
# Failed to write core dump. Minidumps are not enabled by default on client versions of Windows
#
# If you would like to submit a bug report, please visit:
#   http://bugreport.java.com/bugreport/crash.jsp
# The crash happened outside the Java Virtual Machine in native code.
# See problematic frame for where to report the bug.
#

---------------  T H R E A D  ---------------

Current thread (0x000000001ed71800):  JavaThread "AWT-EventQueue-0" [_thread_in_native, id=12040, stack(0x000000002c650000,0x000000002c750000)]

siginfo: ExceptionCode=0xc0000005, reading address 0x0000000000000000

Registers:
RAX=0x0000000033220000, RBX=0x000000002d850000, RCX=0x0000000000000000, RDX=0x000000000000e5b6
RSP=0x000000002c74d680, RBP=0x0000000030e64040, RSI=0x0000000000000000, RDI=0x0000000000000000
R8 =0x0000000000000000, R9 =0x000000000000e5b6, R10=0x0000000030e64040, R11=0x0000000000000000
R12=0x0000000000000000, R13=0x0000000000000000, R14=0x0000000000000004, R15=0x0000000033220000
RIP=0x000000002c61fe00, EFLAGS=0x0000000000010202

Top of Stack: (sp=0x000000002c74d680)
0x000000002c74d680:   00000000329b4510 0000000000000000
0x000000002c74d690:   000000000000e5b6 000000002d850000
0x000000002c74d6a0:   0000000030e64040 0000000059dff2c9
0x000000002c74d6b0:   000000002d850000 0000000030e64040
0x000000002c74d6c0:   000000000000e5b6 000000002d850000
0x000000002c74d6d0:   000000002c74d700 0000000030f6077c
0x000000002c74d6e0:   0000000000000000 0000000031275158
0x000000002c74d6f0:   0000000000000004 0000000030e64040
0x000000002c74d700:   000000000000e5b6 0000000000000000
0x000000002c74d710:   000000002d850000 0000000059dfbb9d
0x000000002c74d720:   0000000000000000 0000000000000004
0x000000002c74d730:   000000002c4fcb01 0000000000000000
0x000000002c74d740:   00000000000020c3 00c0000000000000
0x000000002c74d750:   000000000000e5b6 0000000059dfbdfb
0x000000002c74d760:   000000002d850000 0000000031275158
0x000000002c74d770:   0000000030e64040 0000000000000004 

Instructions: (pc=0x000000002c61fe00)
0x000000002c61fde0:   c8 49 8b d1 48 be f0 d3 8a 2d 00 00 00 00 48 8b
0x000000002c61fdf0:   36 48 8b b6 08 03 00 00 48 8d 3c 49 48 8d 34 be
0x000000002c61fe00:   8b 3e 8b 6e 04 89 38 89 68 04 8b 7e 08 89 78 08
0x000000002c61fe10:   48 be f0 d3 8a 2d 00 00 00 00 48 8b 36 48 8b b6 


Register to memory mapping:

RAX=0x0000000033220000 is an unknown value
RBX=0x000000002d850000 is an unknown value
RCX=0x0000000000000000 is an unknown value
RDX=0x000000000000e5b6 is an unknown value
RSP=0x000000002c74d680 is pointing into the stack for thread: 0x000000001ed71800
RBP=0x0000000030e64040 is an unknown value
RSI=0x0000000000000000 is an unknown value
RDI=0x0000000000000000 is an unknown value
R8 =0x0000000000000000 is an unknown value
R9 =0x000000000000e5b6 is an unknown value
R10=0x0000000030e64040 is an unknown value
R11=0x0000000000000000 is an unknown value
R12=0x0000000000000000 is an unknown value
R13=0x0000000000000000 is an unknown value
R14=0x0000000000000004 is an unknown value
R15=0x0000000033220000 is an unknown value


Stack: [0x000000002c650000,0x000000002c750000],  sp=0x000000002c74d680,  free space=1013k
Native frames: (J=compiled Java code, j=interpreted, Vv=VM code, C=native code)
C  0x000000002c61fe00

Java frames: (J=compiled Java code, j=interpreted, Vv=VM code)
j  jogamp.opengl.gl4.GL4bcImpl.dispatch_glDrawArrays1(IIIJ)V+0
j  jogamp.opengl.gl4.GL4bcImpl.glDrawArrays(III)V+45
j  a3.Starter.passTwo()V+542
j  a3.Starter.display(Lcom/jogamp/opengl/GLAutoDrawable;)V+213
j  jogamp.opengl.GLDrawableHelper.displayImpl(Lcom/jogamp/opengl/GLAutoDrawable;)V+62
j  jogamp.opengl.GLDrawableHelper.display(Lcom/jogamp/opengl/GLAutoDrawable;)V+2
j  com.jogamp.opengl.awt.GLCanvas$11.run()V+118
j  jogamp.opengl.GLDrawableHelper.invokeGLImpl(Lcom/jogamp/opengl/GLDrawable;Lcom/jogamp/opengl/GLContext;Ljava/lang/Runnable;Ljava/lang/Runnable;)V+203
j  jogamp.opengl.GLDrawableHelper.invokeGL(Lcom/jogamp/opengl/GLDrawable;Lcom/jogamp/opengl/GLContext;Ljava/lang/Runnable;Ljava/lang/Runnable;)V+72
j  com.jogamp.opengl.awt.GLCanvas$12.run()V+104
j  java.awt.event.InvocationEvent.dispatch()V+11
j  java.awt.EventQueue.dispatchEventImpl(Ljava/awt/AWTEvent;Ljava/lang/Object;)V+21
j  java.awt.EventQueue.access$500(Ljava/awt/EventQueue;Ljava/awt/AWTEvent;Ljava/lang/Object;)V+3
j  java.awt.EventQueue$3.run()Ljava/lang/Void;+32
j  java.awt.EventQueue$3.run()Ljava/lang/Object;+1
v  ~StubRoutines::call_stub
j  java.security.AccessController.doPrivileged(Ljava/security/PrivilegedAction;Ljava/security/AccessControlContext;)Ljava/lang/Object;+0
j  java.security.ProtectionDomain$JavaSecurityAccessImpl.doIntersectionPrivilege(Ljava/security/PrivilegedAction;Ljava/security/AccessControlContext;Ljava/security/AccessControlContext;)Ljava/lang/Object;+18
j  java.awt.EventQueue.dispatchEvent(Ljava/awt/AWTEvent;)V+46
j  java.awt.EventDispatchThread.pumpOneEventForFilters(I)V+245
j  java.awt.EventDispatchThread.pumpEventsForFilter(ILjava/awt/Conditional;Ljava/awt/EventFilter;)V+35
j  java.awt.EventDispatchThread.pumpEventsForHierarchy(ILjava/awt/Conditional;Ljava/awt/Component;)V+11
j  java.awt.EventDispatchThread.pumpEvents(ILjava/awt/Conditional;)V+4
j  java.awt.EventDispatchThread.pumpEvents(Ljava/awt/Conditional;)V+3
j  java.awt.EventDispatchThread.run()V+9
v  ~StubRoutines::call_stub

---------------  P R O C E S S  ---------------

Java Threads: ( => current thread )
  0x0000000002fa3800 JavaThread "DestroyJavaVM" [_thread_blocked, id=11300, stack(0x0000000002d10000,0x0000000002e10000)]
  0x000000002b42a800 JavaThread "main-FPSAWTAnimator#00-Timer0" [_thread_blocked, id=13584, stack(0x00000000301c0000,0x00000000302c0000)]
  0x000000002b429800 JavaThread "D3D Screen Updater" daemon [_thread_blocked, id=11472, stack(0x00000000300c0000,0x00000000301c0000)]
  0x000000001ef52000 JavaThread "main-SharedResourceRunner" daemon [_thread_blocked, id=1516, stack(0x000000002c950000,0x000000002ca50000)]
=>0x000000001ed71800 JavaThread "AWT-EventQueue-0" [_thread_in_native, id=12040, stack(0x000000002c650000,0x000000002c750000)]
  0x000000001e95c000 JavaThread "AWT-Windows" daemon [_thread_in_native, id=13972, stack(0x000000001f460000,0x000000001f560000)]
  0x000000001e957000 JavaThread "AWT-Shutdown" [_thread_blocked, id=8820, stack(0x000000001f360000,0x000000001f460000)]
  0x000000001e956800 JavaThread "Java2D Disposer" daemon [_thread_blocked, id=14244, stack(0x000000001f260000,0x000000001f360000)]
  0x000000001dea1000 JavaThread "Service Thread" daemon [_thread_blocked, id=8372, stack(0x000000001e540000,0x000000001e640000)]
  0x000000001c74c800 JavaThread "C1 CompilerThread2" daemon [_thread_blocked, id=13816, stack(0x000000001e440000,0x000000001e540000)]
  0x000000001c73f000 JavaThread "C2 CompilerThread1" daemon [_thread_blocked, id=13636, stack(0x000000001e340000,0x000000001e440000)]
  0x000000001c73b800 JavaThread "C2 CompilerThread0" daemon [_thread_blocked, id=10012, stack(0x000000001e240000,0x000000001e340000)]
  0x000000001c737800 JavaThread "Monitor Ctrl-Break" daemon [_thread_in_native, id=9644, stack(0x000000001e140000,0x000000001e240000)]
  0x000000001c6f0000 JavaThread "Attach Listener" daemon [_thread_blocked, id=6296, stack(0x000000001dc40000,0x000000001dd40000)]
  0x000000001c6ec800 JavaThread "Signal Dispatcher" daemon [_thread_blocked, id=14324, stack(0x000000001db40000,0x000000001dc40000)]
  0x000000001c6d9000 JavaThread "Finalizer" daemon [_thread_blocked, id=9484, stack(0x000000001d950000,0x000000001da50000)]
  0x0000000003094000 JavaThread "Reference Handler" daemon [_thread_blocked, id=2696, stack(0x000000001d850000,0x000000001d950000)]

Other Threads:
  0x000000001c6b6800 VMThread [stack: 0x000000001d750000,0x000000001d850000] [id=13036]
  0x000000001dea3000 WatcherThread [stack: 0x000000001e640000,0x000000001e740000] [id=11760]

VM state:not at safepoint (normal execution)

VM Mutex/Monitor currently owned by a thread: None

Heap:
 PSYoungGen      total 197632K, used 20514K [0x000000076af80000, 0x000000077c480000, 0x00000007c0000000)
  eden space 186880K, 10% used [0x000000076af80000,0x000000076c388a88,0x0000000776600000)
  from space 10752K, 0% used [0x000000077ba00000,0x000000077ba00000,0x000000077c480000)
  to   space 10752K, 0% used [0x000000077af80000,0x000000077af80000,0x000000077ba00000)
 ParOldGen       total 442368K, used 121712K [0x00000006c0e00000, 0x00000006dbe00000, 0x000000076af80000)
  object space 442368K, 27% used [0x00000006c0e00000,0x00000006c84dc018,0x00000006dbe00000)
 Metaspace       used 16581K, capacity 16800K, committed 16896K, reserved 1064960K
  class space    used 1725K, capacity 1792K, committed 1792K, reserved 1048576K

Card table byte_map: [0x0000000012460000,0x0000000012c60000] byte_map_base: 0x000000000ee59000

Marking Bits: (ParMarkBitMap*) 0x000000005e66f860
 Begin Bits: [0x00000000135c0000, 0x0000000017588000)
 End Bits:   [0x0000000017588000, 0x000000001b550000)

Polling page: 0x0000000002c20000

CodeCache: size=245760Kb used=5029Kb max_used=5036Kb free=240730Kb
 bounds [0x00000000030a0000, 0x00000000035a0000, 0x00000000120a0000]
 total_blobs=1924 nmethods=1095 adapters=742
 compilation: enabled

Compilation events (10 events):
Event: 3.840 Thread 0x000000001c73b800 nmethod 1091 0x0000000003556010 code [0x0000000003556160, 0x00000000035562f8]
Event: 3.841 Thread 0x000000001c74c800 nmethod 1089% 0x0000000003584810 code [0x0000000003584dc0, 0x0000000003588bd8]
Event: 3.842 Thread 0x000000001c73f000 1092 % !   4       jogamp.opengl.util.jpeg.JPEGDecoder$Decoder::decodeScan @ 411 (806 bytes)
Event: 3.861 Thread 0x000000001c73f000 nmethod 1092% 0x000000000357b790 code [0x000000000357ba00, 0x000000000357d180]
Event: 4.426 Thread 0x000000001c73b800 1093 %s    4       jogamp.opengl.util.jpeg.JPEGDecoder::getPixel @ 623 (1523 bytes)
Event: 4.440 Thread 0x000000001c73b800 nmethod 1093% 0x000000000358c650 code [0x000000000358c8a0, 0x000000000358df38]
Event: 4.440 Thread 0x000000001c73f000 1094  s    4       jogamp.opengl.util.jpeg.JPEGDecoder::getPixel (1523 bytes)
Event: 4.440 Thread 0x000000001c74c800 1095       3       jogamp.opengl.util.jpeg.JPEGDecoder::clampTo8bit (26 bytes)
Event: 4.440 Thread 0x000000001c74c800 nmethod 1095 0x0000000003555b90 code [0x0000000003555d20, 0x0000000003555f70]
Event: 4.459 Thread 0x000000001c73f000 nmethod 1094 0x000000000358f6d0 code [0x000000000358f960, 0x00000000035912c0]

GC Heap History (10 events):
Event: 1.219 GC heap before
{Heap before GC invocations=2 (full 0):
 PSYoungGen      total 76288K, used 69061K [0x000000076af80000, 0x0000000774480000, 0x00000007c0000000)
  eden space 65536K, 100% used [0x000000076af80000,0x000000076ef80000,0x000000076ef80000)
  from space 10752K, 32% used [0x000000076ef80000,0x000000076f2f1550,0x000000076fa00000)
  to   space 10752K, 0% used [0x0000000773a00000,0x0000000773a00000,0x0000000774480000)
 ParOldGen       total 175104K, used 8K [0x00000006c0e00000, 0x00000006cb900000, 0x000000076af80000)
  object space 175104K, 0% used [0x00000006c0e00000,0x00000006c0e02000,0x00000006cb900000)
 Metaspace       used 13343K, capacity 13576K, committed 13696K, reserved 1060864K
  class space    used 1309K, capacity 1404K, committed 1408K, reserved 1048576K
Event: 1.240 GC heap after
Heap after GC invocations=2 (full 0):
 PSYoungGen      total 141824K, used 10725K [0x000000076af80000, 0x0000000774480000, 0x00000007c0000000)
  eden space 131072K, 0% used [0x000000076af80000,0x000000076af80000,0x0000000772f80000)
  from space 10752K, 99% used [0x0000000773a00000,0x00000007744796e8,0x0000000774480000)
  to   space 10752K, 0% used [0x0000000772f80000,0x0000000772f80000,0x0000000773a00000)
 ParOldGen       total 175104K, used 5163K [0x00000006c0e00000, 0x00000006cb900000, 0x000000076af80000)
  object space 175104K, 2% used [0x00000006c0e00000,0x00000006c130adc0,0x00000006cb900000)
 Metaspace       used 13343K, capacity 13576K, committed 13696K, reserved 1060864K
  class space    used 1309K, capacity 1404K, committed 1408K, reserved 1048576K
}
Event: 2.617 GC heap before
{Heap before GC invocations=3 (full 0):
 PSYoungGen      total 141824K, used 141797K [0x000000076af80000, 0x0000000774480000, 0x00000007c0000000)
  eden space 131072K, 100% used [0x000000076af80000,0x0000000772f80000,0x0000000772f80000)
  from space 10752K, 99% used [0x0000000773a00000,0x00000007744796e8,0x0000000774480000)
  to   space 10752K, 0% used [0x0000000772f80000,0x0000000772f80000,0x0000000773a00000)
 ParOldGen       total 175104K, used 5163K [0x00000006c0e00000, 0x00000006cb900000, 0x000000076af80000)
  object space 175104K, 2% used [0x00000006c0e00000,0x00000006c130adc0,0x00000006cb900000)
 Metaspace       used 16507K, capacity 16736K, committed 16896K, reserved 1064960K
  class space    used 1719K, capacity 1792K, committed 1792K, reserved 1048576K
Event: 2.651 GC heap after
Heap after GC invocations=3 (full 0):
 PSYoungGen      total 141824K, used 10732K [0x000000076af80000, 0x000000077c480000, 0x00000007c0000000)
  eden space 131072K, 0% used [0x000000076af80000,0x000000076af80000,0x0000000772f80000)
  from space 10752K, 99% used [0x0000000772f80000,0x00000007739fb010,0x0000000773a00000)
  to   space 10752K, 0% used [0x000000077ba00000,0x000000077ba00000,0x000000077c480000)
 ParOldGen       total 175104K, used 111714K [0x00000006c0e00000, 0x00000006cb900000, 0x000000076af80000)
  object space 175104K, 63% used [0x00000006c0e00000,0x00000006c7b189e0,0x00000006cb900000)
 Metaspace       used 16507K, capacity 16736K, committed 16896K, reserved 1064960K
  class space    used 1719K, capacity 1792K, committed 1792K, reserved 1048576K
}
Event: 2.651 GC heap before
{Heap before GC invocations=4 (full 1):
 PSYoungGen      total 141824K, used 10732K [0x000000076af80000, 0x000000077c480000, 0x00000007c0000000)
  eden space 131072K, 0% used [0x000000076af80000,0x000000076af80000,0x0000000772f80000)
  from space 10752K, 99% used [0x0000000772f80000,0x00000007739fb010,0x0000000773a00000)
  to   space 10752K, 0% used [0x000000077ba00000,0x000000077ba00000,0x000000077c480000)
 ParOldGen       total 175104K, used 111714K [0x00000006c0e00000, 0x00000006cb900000, 0x000000076af80000)
  object space 175104K, 63% used [0x00000006c0e00000,0x00000006c7b189e0,0x00000006cb900000)
 Metaspace       used 16507K, capacity 16736K, committed 16896K, reserved 1064960K
  class space    used 1719K, capacity 1792K, committed 1792K, reserved 1048576K
Event: 2.731 GC heap after
Heap after GC invocations=4 (full 1):
 PSYoungGen      total 141824K, used 0K [0x000000076af80000, 0x000000077c480000, 0x00000007c0000000)
  eden space 131072K, 0% used [0x000000076af80000,0x000000076af80000,0x0000000772f80000)
  from space 10752K, 0% used [0x0000000772f80000,0x0000000772f80000,0x0000000773a00000)
  to   space 10752K, 0% used [0x000000077ba00000,0x000000077ba00000,0x000000077c480000)
 ParOldGen       total 333312K, used 121369K [0x00000006c0e00000, 0x00000006d5380000, 0x000000076af80000)
  object space 333312K, 36% used [0x00000006c0e00000,0x00000006c84866b0,0x00000006d5380000)
 Metaspace       used 16507K, capacity 16736K, committed 16896K, reserved 1064960K
  class space    used 1719K, capacity 1792K, committed 1792K, reserved 1048576K
}
Event: 4.247 GC heap before
{Heap before GC invocations=5 (full 1):
 PSYoungGen      total 141824K, used 131072K [0x000000076af80000, 0x000000077c480000, 0x00000007c0000000)
  eden space 131072K, 100% used [0x000000076af80000,0x0000000772f80000,0x0000000772f80000)
  from space 10752K, 0% used [0x0000000772f80000,0x0000000772f80000,0x0000000773a00000)
  to   space 10752K, 0% used [0x000000077ba00000,0x000000077ba00000,0x000000077c480000)
 ParOldGen       total 333312K, used 121369K [0x00000006c0e00000, 0x00000006d5380000, 0x000000076af80000)
  object space 333312K, 36% used [0x00000006c0e00000,0x00000006c84866b0,0x00000006d5380000)
 Metaspace       used 16562K, capacity 16800K, committed 16896K, reserved 1064960K
  class space    used 1724K, capacity 1792K, committed 1792K, reserved 1048576K
Event: 4.278 GC heap after
Heap after GC invocations=5 (full 1):
 PSYoungGen      total 197632K, used 10752K [0x000000076af80000, 0x000000077c480000, 0x00000007c0000000)
  eden space 186880K, 0% used [0x000000076af80000,0x000000076af80000,0x0000000776600000)
  from space 10752K, 100% used [0x000000077ba00000,0x000000077c480000,0x000000077c480000)
  to   space 10752K, 0% used [0x000000077af80000,0x000000077af80000,0x000000077ba00000)
 ParOldGen       total 333312K, used 239166K [0x00000006c0e00000, 0x00000006d5380000, 0x000000076af80000)
  object space 333312K, 71% used [0x00000006c0e00000,0x00000006cf78fac0,0x00000006d5380000)
 Metaspace       used 16562K, capacity 16800K, committed 16896K, reserved 1064960K
  class space    used 1724K, capacity 1792K, committed 1792K, reserved 1048576K
}
Event: 4.278 GC heap before
{Heap before GC invocations=6 (full 2):
 PSYoungGen      total 197632K, used 10752K [0x000000076af80000, 0x000000077c480000, 0x00000007c0000000)
  eden space 186880K, 0% used [0x000000076af80000,0x000000076af80000,0x0000000776600000)
  from space 10752K, 100% used [0x000000077ba00000,0x000000077c480000,0x000000077c480000)
  to   space 10752K, 0% used [0x000000077af80000,0x000000077af80000,0x000000077ba00000)
 ParOldGen       total 333312K, used 239166K [0x00000006c0e00000, 0x00000006d5380000, 0x000000076af80000)
  object space 333312K, 71% used [0x00000006c0e00000,0x00000006cf78fac0,0x00000006d5380000)
 Metaspace       used 16562K, capacity 16800K, committed 16896K, reserved 1064960K
  class space    used 1724K, capacity 1792K, committed 1792K, reserved 1048576K
Event: 4.328 GC heap after
Heap after GC invocations=6 (full 2):
 PSYoungGen      total 197632K, used 0K [0x000000076af80000, 0x000000077c480000, 0x00000007c0000000)
  eden space 186880K, 0% used [0x000000076af80000,0x000000076af80000,0x0000000776600000)
  from space 10752K, 0% used [0x000000077ba00000,0x000000077ba00000,0x000000077c480000)
  to   space 10752K, 0% used [0x000000077af80000,0x000000077af80000,0x000000077ba00000)
 ParOldGen       total 442368K, used 121712K [0x00000006c0e00000, 0x00000006dbe00000, 0x000000076af80000)
  object space 442368K, 27% used [0x00000006c0e00000,0x00000006c84dc018,0x00000006dbe00000)
 Metaspace       used 16562K, capacity 16800K, committed 16896K, reserved 1064960K
  class space    used 1724K, capacity 1792K, committed 1792K, reserved 1048576K
}

Deoptimization events (10 events):
Event: 3.720 Thread 0x000000001ed71800 Uncommon trap: reason=predicate action=maybe_recompile pc=0x000000000355ac84 method=jogamp.opengl.util.jpeg.JPEGDecoder$Decoder.decodeScan(Ljogamp/opengl/util/jpeg/JPEGDecoder$Frame;Ljava/util/ArrayList;IIIII)I @ 336
Event: 3.734 Thread 0x000000001ed71800 Uncommon trap: reason=unstable_if action=reinterpret pc=0x00000000035673a4 method=jogamp.opengl.util.jpeg.JPEGDecoder$Decoder$ACSuccessiveDecoder.decode(Ljogamp/opengl/util/jpeg/JPEGDecoder$ComponentIn;[I)V @ 409
Event: 3.839 Thread 0x000000001ed71800 Uncommon trap: reason=bimorphic action=maybe_recompile pc=0x000000000356fe2c method=jogamp.opengl.util.jpeg.JPEGDecoder$Decoder.decodeMcu(Ljogamp/opengl/util/jpeg/JPEGDecoder$ComponentIn;Ljogamp/opengl/util/jpeg/JPEGDecoder$DecoderFunction;III)V @ 52
Event: 3.839 Thread 0x000000001ed71800 Uncommon trap: reason=bimorphic action=maybe_recompile pc=0x00000000034f34a8 method=jogamp.opengl.util.jpeg.JPEGDecoder$Decoder.decodeMcu(Ljogamp/opengl/util/jpeg/JPEGDecoder$ComponentIn;Ljogamp/opengl/util/jpeg/JPEGDecoder$DecoderFunction;III)V @ 52
Event: 3.839 Thread 0x000000001ed71800 Uncommon trap: reason=bimorphic action=maybe_recompile pc=0x00000000034f34a8 method=jogamp.opengl.util.jpeg.JPEGDecoder$Decoder.decodeMcu(Ljogamp/opengl/util/jpeg/JPEGDecoder$ComponentIn;Ljogamp/opengl/util/jpeg/JPEGDecoder$DecoderFunction;III)V @ 52
Event: 3.839 Thread 0x000000001ed71800 Uncommon trap: reason=bimorphic action=maybe_recompile pc=0x00000000034f34a8 method=jogamp.opengl.util.jpeg.JPEGDecoder$Decoder.decodeMcu(Ljogamp/opengl/util/jpeg/JPEGDecoder$ComponentIn;Ljogamp/opengl/util/jpeg/JPEGDecoder$DecoderFunction;III)V @ 52
Event: 3.839 Thread 0x000000001ed71800 Uncommon trap: reason=bimorphic action=maybe_recompile pc=0x0000000003538ae0 method=jogamp.opengl.util.jpeg.JPEGDecoder$Decoder.decodeMcu(Ljogamp/opengl/util/jpeg/JPEGDecoder$ComponentIn;Ljogamp/opengl/util/jpeg/JPEGDecoder$DecoderFunction;III)V @ 52
Event: 3.839 Thread 0x000000001ed71800 Uncommon trap: reason=predicate action=maybe_recompile pc=0x00000000034d70f4 method=jogamp.opengl.util.jpeg.JPEGDecoder$Decoder.decodeScan(Ljogamp/opengl/util/jpeg/JPEGDecoder$Frame;Ljava/util/ArrayList;IIIII)I @ 428
Event: 3.839 Thread 0x000000001ed71800 Uncommon trap: reason=bimorphic action=maybe_recompile pc=0x0000000003531c60 method=jogamp.opengl.util.jpeg.JPEGDecoder$Decoder.decodeMcu(Ljogamp/opengl/util/jpeg/JPEGDecoder$ComponentIn;Ljogamp/opengl/util/jpeg/JPEGDecoder$DecoderFunction;III)V @ 52
Event: 4.440 Thread 0x000000001ed71800 Uncommon trap: reason=unstable_if action=reinterpret pc=0x00000000034e9030 method=jogamp.opengl.util.jpeg.JPEGDecoder.clampTo8bit(F)B @ 14

Classes redefined (0 events):
No events

Internal exceptions (10 events):
Event: 0.139 Thread 0x0000000002fa3800 Exception <a 'java/security/PrivilegedActionException'> (0x000000076b1e8000) thrown at [C:\re\workspace\8-2-build-windows-amd64-cygwin\jdk8u161\10277\hotspot\src\share\vm\prims\jvm.cpp, line 1390]
Event: 0.139 Thread 0x0000000002fa3800 Exception <a 'java/security/PrivilegedActionException'> (0x000000076b1ebfe8) thrown at [C:\re\workspace\8-2-build-windows-amd64-cygwin\jdk8u161\10277\hotspot\src\share\vm\prims\jvm.cpp, line 1390]
Event: 0.139 Thread 0x0000000002fa3800 Exception <a 'java/security/PrivilegedActionException'> (0x000000076b1ec1f8) thrown at [C:\re\workspace\8-2-build-windows-amd64-cygwin\jdk8u161\10277\hotspot\src\share\vm\prims\jvm.cpp, line 1390]
Event: 0.142 Thread 0x0000000002fa3800 Exception <a 'java/io/FileNotFoundException'> (0x000000076b1f3c90) thrown at [C:\re\workspace\8-2-build-windows-amd64-cygwin\jdk8u161\10277\hotspot\src\share\vm\prims\jni.cpp, line 709]
Event: 0.168 Thread 0x0000000002fa3800 Exception <a 'java/lang/NoSuchFieldError': method resolution failed> (0x000000076b5b3280) thrown at [C:\re\workspace\8-2-build-windows-amd64-cygwin\jdk8u161\10277\hotspot\src\share\vm\prims\methodHandles.cpp, line 1167]
Event: 0.171 Thread 0x0000000002fa3800 Exception <a 'java/lang/NoSuchFieldError': method resolution failed> (0x000000076b5c10f8) thrown at [C:\re\workspace\8-2-build-windows-amd64-cygwin\jdk8u161\10277\hotspot\src\share\vm\prims\methodHandles.cpp, line 1167]
Event: 0.204 Thread 0x0000000002fa3800 Exception <a 'java/io/FileNotFoundException'> (0x000000076b73f398) thrown at [C:\re\workspace\8-2-build-windows-amd64-cygwin\jdk8u161\10277\hotspot\src\share\vm\prims\jni.cpp, line 709]
Event: 0.372 Thread 0x0000000002fa3800 Implicit null exception at 0x00000000031a2495 to 0x00000000031a266d
Event: 0.619 Thread 0x0000000002fa3800 Implicit null exception at 0x00000000032de1b1 to 0x00000000032de705
Event: 1.994 Thread 0x0000000002fa3800 Exception <a 'java/lang/reflect/InvocationTargetException'> (0x000000076bf09380) thrown at [C:\re\workspace\8-2-build-windows-amd64-cygwin\jdk8u161\10277\hotspot\src\share\vm\runtime\reflection.cpp, line 1092]

Events (10 events):
Event: 4.328 Executing VM operation: ParallelGCFailedAllocation done
Event: 4.440 Thread 0x000000001ed71800 DEOPT PACKING pc=0x0000000003517392 sp=0x000000002c74d390
Event: 4.440 Thread 0x000000001ed71800 DEOPT UNPACKING pc=0x00000000030e7890 sp=0x000000002c74d2b8 mode 0
Event: 4.440 Thread 0x000000001ed71800 Uncommon trap: trap_request=0xffffff65 fr.pc=0x00000000034e9030
Event: 4.440 Thread 0x000000001ed71800 DEOPT PACKING pc=0x00000000034e9030 sp=0x000000002c74d530
Event: 4.440 Thread 0x000000001ed71800 DEOPT UNPACKING pc=0x00000000030e583b sp=0x000000002c74d4d8 mode 2
Event: 4.605 loading class graphicslib3D/Material
Event: 4.605 loading class graphicslib3D/Material done
Event: 4.606 loading class graphicslib3D/Matrix3D$MatrixInvert
Event: 4.606 loading class graphicslib3D/Matrix3D$MatrixInvert done


Dynamic libraries:
0x00007ff73c830000 - 0x00007ff73c867000 	C:\Program Files\Java\jdk1.8.0_161\bin\java.exe
0x00007ffb1de70000 - 0x00007ffb1e051000 	C:\WINDOWS\SYSTEM32\ntdll.dll
0x00007ffb1d0e0000 - 0x00007ffb1d192000 	C:\WINDOWS\System32\KERNEL32.DLL
0x00007ffb1ac60000 - 0x00007ffb1aed3000 	C:\WINDOWS\System32\KERNELBASE.dll
0x00007ffb1d320000 - 0x00007ffb1d3c1000 	C:\WINDOWS\System32\ADVAPI32.dll
0x00007ffb1b3c0000 - 0x00007ffb1b45e000 	C:\WINDOWS\System32\msvcrt.dll
0x00007ffb1b360000 - 0x00007ffb1b3bb000 	C:\WINDOWS\System32\sechost.dll
0x00007ffb1b600000 - 0x00007ffb1b724000 	C:\WINDOWS\System32\RPCRT4.dll
0x00007ffb1d5c0000 - 0x00007ffb1d750000 	C:\WINDOWS\System32\USER32.dll
0x00007ffb1a340000 - 0x00007ffb1a360000 	C:\WINDOWS\System32\win32u.dll
0x00007ffb1b730000 - 0x00007ffb1b758000 	C:\WINDOWS\System32\GDI32.dll
0x00007ffb1aee0000 - 0x00007ffb1b072000 	C:\WINDOWS\System32\gdi32full.dll
0x00007ffb1a240000 - 0x00007ffb1a2df000 	C:\WINDOWS\System32\msvcp_win.dll
0x00007ffb1b100000 - 0x00007ffb1b1fa000 	C:\WINDOWS\System32\ucrtbase.dll
0x00007ffb0d590000 - 0x00007ffb0d7f9000 	C:\WINDOWS\WinSxS\amd64_microsoft.windows.common-controls_6595b64144ccf1df_6.0.17134.345_none_fb429a5930656358\COMCTL32.dll
0x00007ffb1d750000 - 0x00007ffb1da73000 	C:\WINDOWS\System32\combase.dll
0x00007ffb1b080000 - 0x00007ffb1b0fa000 	C:\WINDOWS\System32\bcryptPrimitives.dll
0x00007ffb1de10000 - 0x00007ffb1de3d000 	C:\WINDOWS\System32\IMM32.DLL
0x000000005e6f0000 - 0x000000005e7c2000 	C:\Program Files\Java\jdk1.8.0_161\jre\bin\msvcr100.dll
0x000000005de50000 - 0x000000005e6ef000 	C:\Program Files\Java\jdk1.8.0_161\jre\bin\server\jvm.dll
0x00007ffb1d240000 - 0x00007ffb1d248000 	C:\WINDOWS\System32\PSAPI.DLL
0x00007ffb0f6b0000 - 0x00007ffb0f6b9000 	C:\WINDOWS\SYSTEM32\WSOCK32.dll
0x00007ffb1dda0000 - 0x00007ffb1de0c000 	C:\WINDOWS\System32\WS2_32.dll
0x00007ffb17020000 - 0x00007ffb17043000 	C:\WINDOWS\SYSTEM32\WINMM.dll
0x00007ffb14d70000 - 0x00007ffb14d7a000 	C:\WINDOWS\SYSTEM32\VERSION.dll
0x00007ffb16ff0000 - 0x00007ffb1701a000 	C:\WINDOWS\SYSTEM32\WINMMBASE.dll
0x00007ffb1b2b0000 - 0x00007ffb1b2f9000 	C:\WINDOWS\System32\cfgmgr32.dll
0x000000005de40000 - 0x000000005de4f000 	C:\Program Files\Java\jdk1.8.0_161\jre\bin\verify.dll
0x000000005de10000 - 0x000000005de39000 	C:\Program Files\Java\jdk1.8.0_161\jre\bin\java.dll
0x000000005dde0000 - 0x000000005de03000 	C:\Program Files\Java\jdk1.8.0_161\jre\bin\instrument.dll
0x000000005ddc0000 - 0x000000005ddd6000 	C:\Program Files\Java\jdk1.8.0_161\jre\bin\zip.dll
0x00007ffb1b760000 - 0x00007ffb1cb9f000 	C:\WINDOWS\System32\SHELL32.dll
0x00007ffb1da80000 - 0x00007ffb1db29000 	C:\WINDOWS\System32\shcore.dll
0x00007ffb1a550000 - 0x00007ffb1ac5d000 	C:\WINDOWS\System32\windows.storage.dll
0x00007ffb1b300000 - 0x00007ffb1b351000 	C:\WINDOWS\System32\shlwapi.dll
0x00007ffb1a200000 - 0x00007ffb1a211000 	C:\WINDOWS\System32\kernel.appcore.dll
0x00007ffb1a180000 - 0x00007ffb1a19f000 	C:\WINDOWS\System32\profapi.dll
0x00007ffb1a1b0000 - 0x00007ffb1a1fc000 	C:\WINDOWS\System32\powrprof.dll
0x00007ffb1a1a0000 - 0x00007ffb1a1aa000 	C:\WINDOWS\System32\FLTLIB.DLL
0x00007ffb103a0000 - 0x00007ffb103ba000 	C:\Program Files\JetBrains\IntelliJ IDEA 2017.3.1\bin\breakgen64.dll
0x000000005dda0000 - 0x000000005ddba000 	C:\Program Files\Java\jdk1.8.0_161\jre\bin\net.dll
0x00007ffb19a00000 - 0x00007ffb19a66000 	C:\WINDOWS\system32\mswsock.dll
0x000000005dc00000 - 0x000000005dd98000 	C:\Program Files\Java\jdk1.8.0_161\jre\bin\awt.dll
0x00007ffb1d250000 - 0x00007ffb1d312000 	C:\WINDOWS\System32\OLEAUT32.dll
0x00007ffb18510000 - 0x00007ffb1859b000 	C:\WINDOWS\SYSTEM32\apphelp.dll
0x00007ffb18910000 - 0x00007ffb18939000 	C:\WINDOWS\system32\DWMAPI.DLL
0x00007ffb186c0000 - 0x00007ffb18758000 	C:\WINDOWS\system32\uxtheme.dll
0x00007ffaeac20000 - 0x00007ffaead40000 	C:\WINDOWS\system32\opengl32.dll
0x00007ffafede0000 - 0x00007ffafee0c000 	C:\WINDOWS\SYSTEM32\GLU32.dll
0x00007ffb1d430000 - 0x00007ffb1d5a4000 	C:\WINDOWS\System32\MSCTF.dll
0x00007ffb1db50000 - 0x00007ffb1dca1000 	C:\WINDOWS\System32\ole32.dll
0x00007ffb0f160000 - 0x00007ffb0f2f7000 	C:\WINDOWS\system32\d3d9.dll
0x00007ffb13790000 - 0x00007ffb1387e000 	C:\WINDOWS\System32\DriverStore\FileRepository\nv_dispi.inf_amd64_6bc621d9790e90e7\nvldumdx.dll
0x00007ffb1a360000 - 0x00007ffb1a542000 	C:\WINDOWS\System32\crypt32.dll
0x00007ffb1a220000 - 0x00007ffb1a232000 	C:\WINDOWS\System32\MSASN1.dll
0x00007ffb1a2e0000 - 0x00007ffb1a337000 	C:\WINDOWS\System32\WINTRUST.DLL
0x00007ffb1db30000 - 0x00007ffb1db4d000 	C:\WINDOWS\System32\imagehlp.dll
0x00007ffb19bb0000 - 0x00007ffb19bc7000 	C:\WINDOWS\SYSTEM32\CRYPTSP.dll
0x00007ffb195e0000 - 0x00007ffb19613000 	C:\WINDOWS\system32\rsaenh.dll
0x00007ffb19ce0000 - 0x00007ffb19d05000 	C:\WINDOWS\SYSTEM32\bcrypt.dll
0x00007ffb19bd0000 - 0x00007ffb19bdb000 	C:\WINDOWS\SYSTEM32\CRYPTBASE.dll
0x00007ffad6d50000 - 0x00007ffad8137000 	C:\WINDOWS\System32\DriverStore\FileRepository\nv_dispi.inf_amd64_6bc621d9790e90e7\nvd3dumx.dll
0x00007ffaff9f0000 - 0x00007ffaffab4000 	C:\Program Files (x86)\NVIDIA Corporation\3D Vision\nvSCPAPI64.dll
0x00007ffb1cba0000 - 0x00007ffb1cfeb000 	C:\WINDOWS\System32\SETUPAPI.dll
0x00007ffaface0000 - 0x00007ffafaf68000 	C:\WINDOWS\system32\nvspcap64.dll
0x00007ffb19270000 - 0x00007ffb192a1000 	C:\WINDOWS\SYSTEM32\ntmarta.dll
0x00007ffb18ec0000 - 0x00007ffb18ee2000 	C:\WINDOWS\SYSTEM32\gpapi.dll
0x00007ffb13ec0000 - 0x00007ffb13eee000 	C:\WINDOWS\SYSTEM32\cryptnet.dll
0x00007ffb1a080000 - 0x00007ffb1a0a8000 	C:\WINDOWS\SYSTEM32\USERENV.dll
0x00007ffb19780000 - 0x00007ffb197b8000 	C:\WINDOWS\SYSTEM32\IPHLPAPI.DLL
0x00007ffb1dd30000 - 0x00007ffb1dd38000 	C:\WINDOWS\System32\NSI.dll
0x00007ffb118c0000 - 0x00007ffb118d6000 	C:\WINDOWS\SYSTEM32\dhcpcsvc6.DLL
0x00007ffb11750000 - 0x00007ffb1176a000 	C:\WINDOWS\SYSTEM32\dhcpcsvc.DLL
0x000000005dbe0000 - 0x000000005dbf1000 	C:\Program Files\Java\jdk1.8.0_161\jre\bin\nio.dll
0x00000000637c0000 - 0x00000000637cd000 	C:\Users\Desktop\AppData\Local\Temp\jogamp_0000\file_cache\jln4750212253445451991\jln1405375110563489425\natives\windows-amd64\gluegen-rt.dll
0x000000005dbd0000 - 0x000000005dbd7000 	C:\Program Files\Java\jdk1.8.0_161\jre\bin\jawt.dll
0x000000006a440000 - 0x000000006a44d000 	C:\Users\Desktop\AppData\Local\Temp\jogamp_0000\file_cache\jln4750212253445451991\jln1405375110563489425\natives\windows-amd64\nativewindow_awt.dll
0x000000006c100000 - 0x000000006c10f000 	C:\Users\Desktop\AppData\Local\Temp\jogamp_0000\file_cache\jln4750212253445451991\jln1405375110563489425\natives\windows-amd64\nativewindow_win32.dll
0x0000000064500000 - 0x00000000645b1000 	C:\Users\Desktop\AppData\Local\Temp\jogamp_0000\file_cache\jln4750212253445451991\jln1405375110563489425\natives\windows-amd64\jogl_desktop.dll
0x0000000064340000 - 0x00000000643a2000 	C:\Users\Desktop\AppData\Local\Temp\jogamp_0000\file_cache\jln4750212253445451991\jln1405375110563489425\natives\windows-amd64\jogl_mobile.dll
0x0000000059190000 - 0x000000005b813000 	C:\WINDOWS\System32\DriverStore\FileRepository\nv_dispi.inf_amd64_6bc621d9790e90e7\nvoglv64.dll
0x00007ffb16a20000 - 0x00007ffb16a33000 	C:\WINDOWS\SYSTEM32\WTSAPI32.dll
0x00007ffb19f90000 - 0x00007ffb19fb7000 	C:\WINDOWS\SYSTEM32\DEVOBJ.dll
0x00007ffb19310000 - 0x00007ffb19366000 	C:\WINDOWS\SYSTEM32\WINSTA.dll
0x000000005db80000 - 0x000000005dbc7000 	C:\Program Files\Java\jdk1.8.0_161\jre\bin\fontmanager.dll
0x00007ffb0efd0000 - 0x00007ffb0f067000 	C:\WINDOWS\System32\TextInputFramework.dll
0x00007ffb18300000 - 0x00007ffb183da000 	C:\WINDOWS\System32\CoreMessaging.dll
0x00007ffb15380000 - 0x00007ffb1569e000 	C:\WINDOWS\System32\CoreUIComponents.dll
0x00007ffb16290000 - 0x00007ffb163dd000 	C:\WINDOWS\SYSTEM32\wintypes.dll
0x00007ffb06fd0000 - 0x00007ffb07199000 	C:\WINDOWS\SYSTEM32\dbghelp.dll

VM Arguments:
jvm_args: -javaagent:C:\Program Files\JetBrains\IntelliJ IDEA 2017.3.1\lib\idea_rt.jar=51188:C:\Program Files\JetBrains\IntelliJ IDEA 2017.3.1\bin -Dfile.encoding=UTF-8 
java_command: a3.Starter
java_class_path (initial): C:\Program Files\Java\jdk1.8.0_161\jre\lib\charsets.jar;C:\Program Files\Java\jdk1.8.0_161\jre\lib\deploy.jar;C:\Program Files\Java\jdk1.8.0_161\jre\lib\ext\access-bridge-64.jar;C:\Program Files\Java\jdk1.8.0_161\jre\lib\ext\cldrdata.jar;C:\Program Files\Java\jdk1.8.0_161\jre\lib\ext\dnsns.jar;C:\Program Files\Java\jdk1.8.0_161\jre\lib\ext\jaccess.jar;C:\Program Files\Java\jdk1.8.0_161\jre\lib\ext\jfxrt.jar;C:\Program Files\Java\jdk1.8.0_161\jre\lib\ext\localedata.jar;C:\Program Files\Java\jdk1.8.0_161\jre\lib\ext\nashorn.jar;C:\Program Files\Java\jdk1.8.0_161\jre\lib\ext\sunec.jar;C:\Program Files\Java\jdk1.8.0_161\jre\lib\ext\sunjce_provider.jar;C:\Program Files\Java\jdk1.8.0_161\jre\lib\ext\sunmscapi.jar;C:\Program Files\Java\jdk1.8.0_161\jre\lib\ext\sunpkcs11.jar;C:\Program Files\Java\jdk1.8.0_161\jre\lib\ext\zipfs.jar;C:\Program Files\Java\jdk1.8.0_161\jre\lib\javaws.jar;C:\Program Files\Java\jdk1.8.0_161\jre\lib\jce.jar;C:\Program Files\Java\jdk1.8.0_161\jre\lib\jfr.jar;C:\Program Files\Java\jdk1.8.0_161\jre\lib\jfxswt.jar;C:\Program Files\Java\jdk1.8.0_161\jre\lib\jsse.jar;C:\Program Files\Java\jdk1.8.0_161\jre\lib\management-agent.jar;C:\Program Files\Java\jdk1.8.0_161\jre\lib\plugin.jar;C:\Program Files\Java\jdk1.8.0_161\jre\lib\resources.jar;C:\Program Files\Java\jdk1.8.0_161\jre\lib\rt.jar;C:\Users\Desktop\Desktop\A3\out\production\A3;C:\Users\Desktop\Desktop\Required\graphicslib3D\graphicslib3D.jar;C:\Users\Desktop\Desktop\Required\jogamp-all-platforms\jar\gluegen-rt.jar;C:\Users\Desktop\Desktop\Required\jogamp-all-platforms\jar\jogl-all.jar;C:\Program Files\JetBrains\IntelliJ IDEA 2017.3.1\lib\idea_rt.jar
Launcher Type: SUN_STANDARD

Environment Variables:
JAVA_HOME=C:\Program Files\Java\jdk1.8.0_161
CLASSPATH=C:\Users\Desktop\Desktop\Required\jogamp-all-platforms\jar\jogl-all.jar;C:\Users\Desktop\Desktop\Required\jogamp-all-platforms\jar\gluegen-rt.jar;C:\Users\Desktop\Desktop\Required\graphicslib3D\graphicslib3D.jar;
PATH=C:\Windows\system32;C:\Windows;C:\Windows\System32\Wbem;C:\Windows\System32\WindowsPowerShell\v1.0\;C:\Program Files\Java\jdk1.8.0_161\bin;C:\Program Files\PuTTY\;C:\WINDOWS\system32;C:\WINDOWS;C:\WINDOWS\System32\Wbem;C:\WINDOWS\System32\WindowsPowerShell\v1.0\;C:\WINDOWS\System32\OpenSSH\;C:\Program Files\nodejs\;C:\Program Files\dotnet\;C:\Program Files (x86)\Universal Extractor;C:\Program Files (x86)\Universal Extractor\bin;C:\Program Files (x86)\NVIDIA Corporation\PhysX\Common;C:\Users\Desktop\AppData\Local\Microsoft\WindowsApps;C:\Users\Desktop\AppData\Local\GitHubDesktop\bin;C:\Users\Desktop\AppData\Roaming\npm
USERNAME=Desktop
OS=Windows_NT
PROCESSOR_IDENTIFIER=Intel64 Family 6 Model 60 Stepping 3, GenuineIntel



---------------  S Y S T E M  ---------------

OS: Windows 10.0 , 64 bit Build 17134 (10.0.17134.1)

CPU:total 4 (initial active 4) (4 cores per cpu, 1 threads per core) family 6 model 60 stepping 3, cmov, cx8, fxsr, mmx, sse, sse2, sse3, ssse3, sse4.1, sse4.2, popcnt, avx, avx2, aes, clmul, erms, lzcnt, tsc, tscinvbit, bmi1, bmi2

Memory: 4k page, physical 16716652k(10030276k free), swap 19207020k(9172436k free)

vm_info: Java HotSpot(TM) 64-Bit Server VM (25.161-b12) for windows-amd64 JRE (1.8.0_161-b12), built on Dec 19 2017 17:52:25 by "java_re" with MS VC++ 10.0 (VS2010)

time: Tue Nov 13 20:38:25 2018
elapsed time: 4 seconds (0d 0h 0m 4s)

