#
# A fatal error has been detected by the Java Runtime Environment:
#
#  EXCEPTION_ACCESS_VIOLATION (0xc0000005) at pc=0x000000002d1bfe80, pid=7944, tid=0x00000000000029c4
#
# JRE version: Java(TM) SE Runtime Environment (8.0_161-b12) (build 1.8.0_161-b12)
# Java VM: Java HotSpot(TM) 64-Bit Server VM (25.161-b12 mixed mode windows-amd64 compressed oops)
# Problematic frame:
# C  0x000000002d1bfe80
#
# Failed to write core dump. Minidumps are not enabled by default on client versions of Windows
#
# If you would like to submit a bug report, please visit:
#   http://bugreport.java.com/bugreport/crash.jsp
# The crash happened outside the Java Virtual Machine in native code.
# See problematic frame for where to report the bug.
#

---------------  T H R E A D  ---------------

Current thread (0x000000001eb0c800):  JavaThread "AWT-EventQueue-0" [_thread_in_native, id=10692, stack(0x000000002ca90000,0x000000002cb90000)]

siginfo: ExceptionCode=0xc0000005, reading address 0x0000000000000000

Registers:
RAX=0x00000000240ab140, RBX=0x000000002dc90000, RCX=0x0000000000000000, RDX=0x0000000000000d80
RSP=0x000000002cb8c7b0, RBP=0x00000000312a1040, RSI=0x0000000000000000, RDI=0x0000000000000000
R8 =0x0000000000000000, R9 =0x0000000000000d80, R10=0x00000000312a1040, R11=0x0000000000000000
R12=0x0000000000000000, R13=0x0000000000000000, R14=0x0000000000000004, R15=0x00000000240ab140
RIP=0x000000002d1bfe80, EFLAGS=0x0000000000010202

Top of Stack: (sp=0x000000002cb8c7b0)
0x000000002cb8c7b0:   00000000234dddfc 0000000000000000
0x000000002cb8c7c0:   0000000000000d80 000000002dc90000
0x000000002cb8c7d0:   00000000312a1040 0000000065dcf2c9
0x000000002cb8c7e0:   000000002dc90000 00000000312a1040
0x000000002cb8c7f0:   0000000000000d80 000000002dc90000
0x000000002cb8c800:   000000002cb8c830 000000003139d77c
0x000000002cb8c810:   0000000000000000 00000000314f0bc8
0x000000002cb8c820:   0000000000000004 00000000312a1040
0x000000002cb8c830:   0000000000000d80 0000000000000000
0x000000002cb8c840:   000000002dc90000 0000000065dcbb9d
0x000000002cb8c850:   0000000000000000 0000000000000004
0x000000002cb8c860:   000000002c93cb01 0000000000000000
0x000000002cb8c870:   00000000000020c3 00c0000000000000
0x000000002cb8c880:   0000000000000d80 0000000065dcbdfb
0x000000002cb8c890:   000000002dc90000 00000000314f0bc8
0x000000002cb8c8a0:   00000000312a1040 0000000000000004 

Instructions: (pc=0x000000002d1bfe80)
0x000000002d1bfe60:   c8 49 8b d1 48 be f0 d3 ce 2d 00 00 00 00 48 8b
0x000000002d1bfe70:   36 48 8b b6 08 03 00 00 48 8d 3c 49 48 8d 34 be
0x000000002d1bfe80:   8b 3e 8b 6e 04 89 38 89 68 04 8b 7e 08 89 78 08
0x000000002d1bfe90:   48 be f0 d3 ce 2d 00 00 00 00 48 8b 36 48 8b b6 


Register to memory mapping:

RAX=0x00000000240ab140 is an unknown value
RBX=0x000000002dc90000 is an unknown value
RCX=0x0000000000000000 is an unknown value
RDX=0x0000000000000d80 is an unknown value
RSP=0x000000002cb8c7b0 is pointing into the stack for thread: 0x000000001eb0c800
RBP=0x00000000312a1040 is an unknown value
RSI=0x0000000000000000 is an unknown value
RDI=0x0000000000000000 is an unknown value
R8 =0x0000000000000000 is an unknown value
R9 =0x0000000000000d80 is an unknown value
R10=0x00000000312a1040 is an unknown value
R11=0x0000000000000000 is an unknown value
R12=0x0000000000000000 is an unknown value
R13=0x0000000000000000 is an unknown value
R14=0x0000000000000004 is an unknown value
R15=0x00000000240ab140 is an unknown value


Stack: [0x000000002ca90000,0x000000002cb90000],  sp=0x000000002cb8c7b0,  free space=1009k
Native frames: (J=compiled Java code, j=interpreted, Vv=VM code, C=native code)
C  0x000000002d1bfe80

Java frames: (J=compiled Java code, j=interpreted, Vv=VM code)
j  jogamp.opengl.gl4.GL4bcImpl.dispatch_glDrawArrays1(IIIJ)V+0
j  jogamp.opengl.gl4.GL4bcImpl.glDrawArrays(III)V+45
j  a3.Starter.passTwo()V+2006
j  a3.Starter.display(Lcom/jogamp/opengl/GLAutoDrawable;)V+213
j  jogamp.opengl.GLDrawableHelper.displayImpl(Lcom/jogamp/opengl/GLAutoDrawable;)V+62
j  jogamp.opengl.GLDrawableHelper.display(Lcom/jogamp/opengl/GLAutoDrawable;)V+2
j  com.jogamp.opengl.awt.GLCanvas$11.run()V+118
j  jogamp.opengl.GLDrawableHelper.invokeGLImpl(Lcom/jogamp/opengl/GLDrawable;Lcom/jogamp/opengl/GLContext;Ljava/lang/Runnable;Ljava/lang/Runnable;)V+203
j  jogamp.opengl.GLDrawableHelper.invokeGL(Lcom/jogamp/opengl/GLDrawable;Lcom/jogamp/opengl/GLContext;Ljava/lang/Runnable;Ljava/lang/Runnable;)V+72
j  com.jogamp.opengl.awt.GLCanvas$12.run()V+104
j  com.jogamp.opengl.Threading.invoke(ZLjava/lang/Runnable;Ljava/lang/Object;)V+27
j  com.jogamp.opengl.awt.GLCanvas.display()V+64
j  com.jogamp.opengl.awt.GLCanvas.paint(Ljava/awt/Graphics;)V+137
j  sun.awt.RepaintArea.paintComponent(Ljava/awt/Component;Ljava/awt/Graphics;)V+6
j  sun.awt.RepaintArea.paint(Ljava/lang/Object;Z)V+326
j  sun.awt.windows.WComponentPeer.handleEvent(Ljava/awt/AWTEvent;)V+155
j  java.awt.Component.dispatchEventImpl(Ljava/awt/AWTEvent;)V+877
j  java.awt.Component.dispatchEvent(Ljava/awt/AWTEvent;)V+2
j  java.awt.EventQueue.dispatchEventImpl(Ljava/awt/AWTEvent;Ljava/lang/Object;)V+41
j  java.awt.EventQueue.access$500(Ljava/awt/EventQueue;Ljava/awt/AWTEvent;Ljava/lang/Object;)V+3
j  java.awt.EventQueue$3.run()Ljava/lang/Void;+32
j  java.awt.EventQueue$3.run()Ljava/lang/Object;+1
v  ~StubRoutines::call_stub
j  java.security.AccessController.doPrivileged(Ljava/security/PrivilegedAction;Ljava/security/AccessControlContext;)Ljava/lang/Object;+0
j  java.security.ProtectionDomain$JavaSecurityAccessImpl.doIntersectionPrivilege(Ljava/security/PrivilegedAction;Ljava/security/AccessControlContext;Ljava/security/AccessControlContext;)Ljava/lang/Object;+18
j  java.security.ProtectionDomain$JavaSecurityAccessImpl.doIntersectionPrivilege(Ljava/security/PrivilegedAction;Ljava/security/AccessControlContext;)Ljava/lang/Object;+6
j  java.awt.EventQueue$4.run()Ljava/lang/Void;+11
j  java.awt.EventQueue$4.run()Ljava/lang/Object;+1
v  ~StubRoutines::call_stub
j  java.security.AccessController.doPrivileged(Ljava/security/PrivilegedAction;Ljava/security/AccessControlContext;)Ljava/lang/Object;+0
j  java.security.ProtectionDomain$JavaSecurityAccessImpl.doIntersectionPrivilege(Ljava/security/PrivilegedAction;Ljava/security/AccessControlContext;Ljava/security/AccessControlContext;)Ljava/lang/Object;+18
j  java.awt.EventQueue.dispatchEvent(Ljava/awt/AWTEvent;)V+73
j  java.awt.EventDispatchThread.pumpOneEventForFilters(I)V+245
j  java.awt.EventDispatchThread.pumpEventsForFilter(ILjava/awt/Conditional;Ljava/awt/EventFilter;)V+35
j  java.awt.EventDispatchThread.pumpEventsForHierarchy(ILjava/awt/Conditional;Ljava/awt/Component;)V+11
j  java.awt.EventDispatchThread.pumpEvents(ILjava/awt/Conditional;)V+4
j  java.awt.EventDispatchThread.pumpEvents(Ljava/awt/Conditional;)V+3
j  java.awt.EventDispatchThread.run()V+9
v  ~StubRoutines::call_stub

---------------  P R O C E S S  ---------------

Java Threads: ( => current thread )
  0x0000000002c63800 JavaThread "DestroyJavaVM" [_thread_blocked, id=3888, stack(0x00000000029c0000,0x0000000002ac0000)]
  0x000000002b846800 JavaThread "D3D Screen Updater" daemon [_thread_blocked, id=3848, stack(0x0000000030500000,0x0000000030600000)]
  0x000000002b8b1000 JavaThread "main-SharedResourceRunner" daemon [_thread_blocked, id=2676, stack(0x000000002cd90000,0x000000002ce90000)]
=>0x000000001eb0c800 JavaThread "AWT-EventQueue-0" [_thread_in_native, id=10692, stack(0x000000002ca90000,0x000000002cb90000)]
  0x000000001e656000 JavaThread "AWT-Windows" daemon [_thread_in_native, id=500, stack(0x000000001ef40000,0x000000001f040000)]
  0x000000001e655800 JavaThread "AWT-Shutdown" [_thread_blocked, id=6660, stack(0x000000001ee40000,0x000000001ef40000)]
  0x000000001e654800 JavaThread "Java2D Disposer" daemon [_thread_blocked, id=3364, stack(0x000000001ed40000,0x000000001ee40000)]
  0x000000001db0c000 JavaThread "Service Thread" daemon [_thread_blocked, id=8208, stack(0x000000001e200000,0x000000001e300000)]
  0x000000001c40c000 JavaThread "C1 CompilerThread2" daemon [_thread_blocked, id=3008, stack(0x000000001e100000,0x000000001e200000)]
  0x000000001da66800 JavaThread "C2 CompilerThread1" daemon [_thread_blocked, id=4184, stack(0x000000001e000000,0x000000001e100000)]
  0x000000001da62800 JavaThread "C2 CompilerThread0" daemon [_thread_blocked, id=5844, stack(0x000000001df00000,0x000000001e000000)]
  0x000000001da34800 JavaThread "Monitor Ctrl-Break" daemon [_thread_in_native, id=12840, stack(0x000000001de00000,0x000000001df00000)]
  0x000000001c3ae000 JavaThread "Attach Listener" daemon [_thread_blocked, id=8800, stack(0x000000001d900000,0x000000001da00000)]
  0x000000001c3ad000 JavaThread "Signal Dispatcher" daemon [_thread_blocked, id=3056, stack(0x000000001d800000,0x000000001d900000)]
  0x0000000002d58800 JavaThread "Finalizer" daemon [_thread_blocked, id=3948, stack(0x000000001d610000,0x000000001d710000)]
  0x0000000002d53000 JavaThread "Reference Handler" daemon [_thread_blocked, id=4588, stack(0x000000001d510000,0x000000001d610000)]

Other Threads:
  0x000000001c376800 VMThread [stack: 0x000000001d410000,0x000000001d510000] [id=9060]
  0x000000001db9e000 WatcherThread [stack: 0x000000001e300000,0x000000001e400000] [id=6496]

VM state:not at safepoint (normal execution)

VM Mutex/Monitor currently owned by a thread: None

Heap:
 PSYoungGen      total 141824K, used 38167K [0x000000076af80000, 0x0000000774480000, 0x00000007c0000000)
  eden space 131072K, 20% used [0x000000076af80000,0x000000076ca487d8,0x0000000772f80000)
  from space 10752K, 99% used [0x0000000773a00000,0x000000077447d6f8,0x0000000774480000)
  to   space 10752K, 0% used [0x0000000772f80000,0x0000000772f80000,0x0000000773a00000)
 ParOldGen       total 175104K, used 5163K [0x00000006c0e00000, 0x00000006cb900000, 0x000000076af80000)
  object space 175104K, 2% used [0x00000006c0e00000,0x00000006c130ad38,0x00000006cb900000)
 Metaspace       used 16291K, capacity 16504K, committed 16640K, reserved 1064960K
  class space    used 1695K, capacity 1760K, committed 1792K, reserved 1048576K

Card table byte_map: [0x0000000012120000,0x0000000012920000] byte_map_base: 0x000000000eb19000

Marking Bits: (ParMarkBitMap*) 0x000000006828f860
 Begin Bits: [0x0000000013280000, 0x0000000017248000)
 End Bits:   [0x0000000017248000, 0x000000001b210000)

Polling page: 0x0000000000cc0000

CodeCache: size=245760Kb used=4201Kb max_used=4201Kb free=241559Kb
 bounds [0x0000000002d60000, 0x0000000003180000, 0x0000000011d60000]
 total_blobs=1783 nmethods=960 adapters=736
 compilation: enabled

Compilation events (10 events):
Event: 2.194 Thread 0x000000001c40c000  956 %     3       a3.Starter::setupVertices @ 753 (1423 bytes)
Event: 2.199 Thread 0x000000001c40c000 nmethod 956% 0x0000000003166f10 code [0x0000000003167d20, 0x0000000003171e58]
Event: 2.199 Thread 0x000000001c40c000  958       3       java.io.BufferedOutputStream::flushBuffer (29 bytes)
Event: 2.199 Thread 0x000000001c40c000 nmethod 958 0x0000000003161a90 code [0x0000000003161c00, 0x0000000003161e88]
Event: 2.199 Thread 0x000000001c40c000  959       3       java.lang.String::valueOf (14 bytes)
Event: 2.199 Thread 0x000000001c40c000 nmethod 959 0x0000000003161610 code [0x0000000003161780, 0x00000000031619c8]
Event: 2.199 Thread 0x000000001c40c000  960       3       java.lang.ThreadLocal$ThreadLocalMap::getEntry (42 bytes)
Event: 2.199 Thread 0x000000001c40c000 nmethod 960 0x0000000003165210 code [0x0000000003165380, 0x0000000003165688]
Event: 2.199 Thread 0x000000001c40c000  957       1       java.util.EventObject::getSource (5 bytes)
Event: 2.199 Thread 0x000000001c40c000 nmethod 957 0x0000000003164f50 code [0x00000000031650a0, 0x00000000031651b0]

GC Heap History (4 events):
Event: 0.509 GC heap before
{Heap before GC invocations=1 (full 0):
 PSYoungGen      total 76288K, used 65536K [0x000000076af80000, 0x0000000770480000, 0x00000007c0000000)
  eden space 65536K, 100% used [0x000000076af80000,0x000000076ef80000,0x000000076ef80000)
  from space 10752K, 0% used [0x000000076fa00000,0x000000076fa00000,0x0000000770480000)
  to   space 10752K, 0% used [0x000000076ef80000,0x000000076ef80000,0x000000076fa00000)
 ParOldGen       total 175104K, used 0K [0x00000006c0e00000, 0x00000006cb900000, 0x000000076af80000)
  object space 175104K, 0% used [0x00000006c0e00000,0x00000006c0e00000,0x00000006cb900000)
 Metaspace       used 7626K, capacity 7764K, committed 7936K, reserved 1056768K
  class space    used 858K, capacity 925K, committed 1024K, reserved 1048576K
Event: 0.516 GC heap after
Heap after GC invocations=1 (full 0):
 PSYoungGen      total 76288K, used 3573K [0x000000076af80000, 0x0000000774480000, 0x00000007c0000000)
  eden space 65536K, 0% used [0x000000076af80000,0x000000076af80000,0x000000076ef80000)
  from space 10752K, 33% used [0x000000076ef80000,0x000000076f2fd560,0x000000076fa00000)
  to   space 10752K, 0% used [0x0000000773a00000,0x0000000773a00000,0x0000000774480000)
 ParOldGen       total 175104K, used 8K [0x00000006c0e00000, 0x00000006cb900000, 0x000000076af80000)
  object space 175104K, 0% used [0x00000006c0e00000,0x00000006c0e02000,0x00000006cb900000)
 Metaspace       used 7626K, capacity 7764K, committed 7936K, reserved 1056768K
  class space    used 858K, capacity 925K, committed 1024K, reserved 1048576K
}
Event: 1.276 GC heap before
{Heap before GC invocations=2 (full 0):
 PSYoungGen      total 76288K, used 69109K [0x000000076af80000, 0x0000000774480000, 0x00000007c0000000)
  eden space 65536K, 100% used [0x000000076af80000,0x000000076ef80000,0x000000076ef80000)
  from space 10752K, 33% used [0x000000076ef80000,0x000000076f2fd560,0x000000076fa00000)
  to   space 10752K, 0% used [0x0000000773a00000,0x0000000773a00000,0x0000000774480000)
 ParOldGen       total 175104K, used 8K [0x00000006c0e00000, 0x00000006cb900000, 0x000000076af80000)
  object space 175104K, 0% used [0x00000006c0e00000,0x00000006c0e02000,0x00000006cb900000)
 Metaspace       used 13336K, capacity 13568K, committed 13696K, reserved 1060864K
  class space    used 1312K, capacity 1404K, committed 1408K, reserved 1048576K
Event: 1.299 GC heap after
Heap after GC invocations=2 (full 0):
 PSYoungGen      total 141824K, used 10741K [0x000000076af80000, 0x0000000774480000, 0x00000007c0000000)
  eden space 131072K, 0% used [0x000000076af80000,0x000000076af80000,0x0000000772f80000)
  from space 10752K, 99% used [0x0000000773a00000,0x000000077447d6f8,0x0000000774480000)
  to   space 10752K, 0% used [0x0000000772f80000,0x0000000772f80000,0x0000000773a00000)
 ParOldGen       total 175104K, used 5163K [0x00000006c0e00000, 0x00000006cb900000, 0x000000076af80000)
  object space 175104K, 2% used [0x00000006c0e00000,0x00000006c130ad38,0x00000006cb900000)
 Metaspace       used 13336K, capacity 13568K, committed 13696K, reserved 1060864K
  class space    used 1312K, capacity 1404K, committed 1408K, reserved 1048576K
}

Deoptimization events (10 events):
Event: 0.629 Thread 0x0000000002c63800 Uncommon trap: reason=unstable_if action=reinterpret pc=0x0000000002fb61d8 method=java.lang.Integer.parseInt(Ljava/lang/String;I)I @ 1
Event: 0.669 Thread 0x0000000002c63800 Uncommon trap: reason=unstable_if action=reinterpret pc=0x0000000002ff70fc method=java.lang.String.indexOf([CII[CIII)I @ 3
Event: 0.669 Thread 0x0000000002c63800 Uncommon trap: reason=unstable_if action=reinterpret pc=0x0000000002f72bf8 method=java.util.Arrays.copyOf([Ljava/lang/Object;ILjava/lang/Class;)[Ljava/lang/Object; @ 3
Event: 0.749 Thread 0x0000000002c63800 Uncommon trap: reason=unstable_if action=reinterpret pc=0x0000000002f9b18c method=java.lang.String.substring(I)Ljava/lang/String; @ 35
Event: 0.869 Thread 0x0000000002c63800 Uncommon trap: reason=unstable_if action=reinterpret pc=0x0000000002fb5968 method=java.lang.CharacterDataLatin1.digit(II)I @ 31
Event: 1.897 Thread 0x000000002b8b1000 Uncommon trap: reason=unstable_if action=reinterpret pc=0x0000000002f58a3c method=java.lang.String.trim()Ljava/lang/String; @ 23
Event: 2.061 Thread 0x0000000002c63800 Uncommon trap: reason=unstable_if action=reinterpret pc=0x00000000031003f4 method=java.lang.reflect.AccessibleObject.setAccessible0(Ljava/lang/reflect/AccessibleObject;Z)V @ 4
Event: 2.063 Thread 0x0000000002c63800 Uncommon trap: reason=class_check action=maybe_recompile pc=0x0000000002f9c3dc method=java.util.AbstractCollection.toArray([Ljava/lang/Object;)[Ljava/lang/Object; @ 1
Event: 2.063 Thread 0x0000000002c63800 Uncommon trap: reason=class_check action=maybe_recompile pc=0x0000000002f9c3dc method=java.util.AbstractCollection.toArray([Ljava/lang/Object;)[Ljava/lang/Object; @ 1
Event: 2.173 Thread 0x000000001eb0c800 Uncommon trap: reason=unstable_if action=reinterpret pc=0x0000000002f474b8 method=sun.nio.cs.UTF_8$Decoder.decodeArrayLoop(Ljava/nio/ByteBuffer;Ljava/nio/CharBuffer;)Ljava/nio/charset/CoderResult; @ 110

Classes redefined (0 events):
No events

Internal exceptions (10 events):
Event: 0.146 Thread 0x0000000002c63800 Exception <a 'java/security/PrivilegedActionException'> (0x000000076b1ecb18) thrown at [C:\re\workspace\8-2-build-windows-amd64-cygwin\jdk8u161\10277\hotspot\src\share\vm\prims\jvm.cpp, line 1390]
Event: 0.146 Thread 0x0000000002c63800 Exception <a 'java/security/PrivilegedActionException'> (0x000000076b1ecd28) thrown at [C:\re\workspace\8-2-build-windows-amd64-cygwin\jdk8u161\10277\hotspot\src\share\vm\prims\jvm.cpp, line 1390]
Event: 0.149 Thread 0x0000000002c63800 Exception <a 'java/io/FileNotFoundException'> (0x000000076b1f47c0) thrown at [C:\re\workspace\8-2-build-windows-amd64-cygwin\jdk8u161\10277\hotspot\src\share\vm\prims\jni.cpp, line 709]
Event: 0.177 Thread 0x0000000002c63800 Exception <a 'java/lang/NoSuchFieldError': method resolution failed> (0x000000076b5b7010) thrown at [C:\re\workspace\8-2-build-windows-amd64-cygwin\jdk8u161\10277\hotspot\src\share\vm\prims\methodHandles.cpp, line 1167]
Event: 0.178 Thread 0x0000000002c63800 Exception <a 'java/lang/NoSuchFieldError': method resolution failed> (0x000000076b5c4e88) thrown at [C:\re\workspace\8-2-build-windows-amd64-cygwin\jdk8u161\10277\hotspot\src\share\vm\prims\methodHandles.cpp, line 1167]
Event: 0.214 Thread 0x0000000002c63800 Exception <a 'java/io/FileNotFoundException'> (0x000000076b743c60) thrown at [C:\re\workspace\8-2-build-windows-amd64-cygwin\jdk8u161\10277\hotspot\src\share\vm\prims\jni.cpp, line 709]
Event: 0.392 Thread 0x0000000002c63800 Implicit null exception at 0x0000000002e64195 to 0x0000000002e6436d
Event: 0.629 Thread 0x0000000002c63800 Implicit null exception at 0x0000000002fb5c71 to 0x0000000002fb61c5
Event: 2.071 Thread 0x0000000002c63800 Exception <a 'java/lang/reflect/InvocationTargetException'> (0x000000076bf09390) thrown at [C:\re\workspace\8-2-build-windows-amd64-cygwin\jdk8u161\10277\hotspot\src\share\vm\runtime\reflection.cpp, line 1092]
Event: 2.194 Thread 0x000000001eb0c800 Exception <a 'java/lang/ArrayIndexOutOfBoundsException': 0> (0x000000076c7eda80) thrown at [C:\re\workspace\8-2-build-windows-amd64-cygwin\jdk8u161\10277\hotspot\src\share\vm\interpreter\interpreterRuntime.cpp, line 366]

Events (10 events):
Event: 2.195 loading class java/lang/Throwable$PrintStreamOrWriter
Event: 2.195 loading class java/lang/Throwable$PrintStreamOrWriter done
Event: 2.195 loading class java/lang/Throwable$WrappedPrintStream done
Event: 2.196 Thread 0x000000002b848800 Thread exited: 0x000000002b848800
Event: 2.197 loading class com/jogamp/opengl/util/GLBuffers
Event: 2.197 loading class com/jogamp/opengl/util/GLBuffers done
Event: 2.200 loading class graphicslib3D/Material
Event: 2.200 loading class graphicslib3D/Material done
Event: 2.201 loading class graphicslib3D/Matrix3D$MatrixInvert
Event: 2.201 loading class graphicslib3D/Matrix3D$MatrixInvert done


Dynamic libraries:
0x00007ff610e80000 - 0x00007ff610eb7000 	C:\Program Files\Java\jdk1.8.0_161\bin\java.exe
0x00007ffb04180000 - 0x00007ffb04361000 	C:\WINDOWS\SYSTEM32\ntdll.dll
0x00007ffb017f0000 - 0x00007ffb018a2000 	C:\WINDOWS\System32\KERNEL32.DLL
0x00007ffb00550000 - 0x00007ffb007c3000 	C:\WINDOWS\System32\KERNELBASE.dll
0x00007ffb018b0000 - 0x00007ffb01951000 	C:\WINDOWS\System32\ADVAPI32.dll
0x00007ffb01b60000 - 0x00007ffb01bfe000 	C:\WINDOWS\System32\msvcrt.dll
0x00007ffb01610000 - 0x00007ffb0166b000 	C:\WINDOWS\System32\sechost.dll
0x00007ffb02870000 - 0x00007ffb02994000 	C:\WINDOWS\System32\RPCRT4.dll
0x00007ffb029a0000 - 0x00007ffb02b30000 	C:\WINDOWS\System32\USER32.dll
0x00007ffb00820000 - 0x00007ffb00840000 	C:\WINDOWS\System32\win32u.dll
0x00007ffb017c0000 - 0x00007ffb017e8000 	C:\WINDOWS\System32\GDI32.dll
0x00007ffb013c0000 - 0x00007ffb01552000 	C:\WINDOWS\System32\gdi32full.dll
0x00007ffb010d0000 - 0x00007ffb0116f000 	C:\WINDOWS\System32\msvcp_win.dll
0x00007ffb00fd0000 - 0x00007ffb010ca000 	C:\WINDOWS\System32\ucrtbase.dll
0x00007ffaf4d10000 - 0x00007ffaf4f79000 	C:\WINDOWS\WinSxS\amd64_microsoft.windows.common-controls_6595b64144ccf1df_6.0.17134.407_none_fb449d63306391e9\COMCTL32.dll
0x00007ffb01c80000 - 0x00007ffb01fa2000 	C:\WINDOWS\System32\combase.dll
0x00007ffb00840000 - 0x00007ffb008ba000 	C:\WINDOWS\System32\bcryptPrimitives.dll
0x00007ffb01b30000 - 0x00007ffb01b5d000 	C:\WINDOWS\System32\IMM32.DLL
0x0000000068310000 - 0x00000000683e2000 	C:\Program Files\Java\jdk1.8.0_161\jre\bin\msvcr100.dll
0x0000000067a70000 - 0x000000006830f000 	C:\Program Files\Java\jdk1.8.0_161\jre\bin\server\jvm.dll
0x00007ffb02410000 - 0x00007ffb02418000 	C:\WINDOWS\System32\PSAPI.DLL
0x00007ffafdce0000 - 0x00007ffafdce9000 	C:\WINDOWS\SYSTEM32\WSOCK32.dll
0x00007ffafc730000 - 0x00007ffafc73a000 	C:\WINDOWS\SYSTEM32\VERSION.dll
0x00007ffb02b30000 - 0x00007ffb02b9c000 	C:\WINDOWS\System32\WS2_32.dll
0x00007ffaf1970000 - 0x00007ffaf1993000 	C:\WINDOWS\SYSTEM32\WINMM.dll
0x00007ffaf18a0000 - 0x00007ffaf18ca000 	C:\WINDOWS\SYSTEM32\WINMMBASE.dll
0x00007ffb007d0000 - 0x00007ffb00819000 	C:\WINDOWS\System32\cfgmgr32.dll
0x0000000067a60000 - 0x0000000067a6f000 	C:\Program Files\Java\jdk1.8.0_161\jre\bin\verify.dll
0x0000000067a30000 - 0x0000000067a59000 	C:\Program Files\Java\jdk1.8.0_161\jre\bin\java.dll
0x0000000067a00000 - 0x0000000067a23000 	C:\Program Files\Java\jdk1.8.0_161\jre\bin\instrument.dll
0x00000000679e0000 - 0x00000000679f6000 	C:\Program Files\Java\jdk1.8.0_161\jre\bin\zip.dll
0x00007ffb02d10000 - 0x00007ffb0414f000 	C:\WINDOWS\System32\SHELL32.dll
0x00007ffb02010000 - 0x00007ffb020b9000 	C:\WINDOWS\System32\shcore.dll
0x00007ffb008c0000 - 0x00007ffb00fcd000 	C:\WINDOWS\System32\windows.storage.dll
0x00007ffb01670000 - 0x00007ffb016c1000 	C:\WINDOWS\System32\shlwapi.dll
0x00007ffb00510000 - 0x00007ffb00521000 	C:\WINDOWS\System32\kernel.appcore.dll
0x00007ffb004f0000 - 0x00007ffb0050f000 	C:\WINDOWS\System32\profapi.dll
0x00007ffb00490000 - 0x00007ffb004dc000 	C:\WINDOWS\System32\powrprof.dll
0x00007ffb004e0000 - 0x00007ffb004ea000 	C:\WINDOWS\System32\FLTLIB.DLL
0x00007ffaf9320000 - 0x00007ffaf933a000 	C:\Program Files\JetBrains\IntelliJ IDEA 2017.3.1\bin\breakgen64.dll
0x00000000679c0000 - 0x00000000679da000 	C:\Program Files\Java\jdk1.8.0_161\jre\bin\net.dll
0x00007ffaffd10000 - 0x00007ffaffd76000 	C:\WINDOWS\system32\mswsock.dll
0x0000000067820000 - 0x00000000679b8000 	C:\Program Files\Java\jdk1.8.0_161\jre\bin\awt.dll
0x00007ffb02c40000 - 0x00007ffb02d02000 	C:\WINDOWS\System32\OLEAUT32.dll
0x00007ffafe490000 - 0x00007ffafe51b000 	C:\WINDOWS\SYSTEM32\apphelp.dll
0x00007ffafec20000 - 0x00007ffafec49000 	C:\WINDOWS\system32\DWMAPI.DLL
0x00007ffafe9d0000 - 0x00007ffafea68000 	C:\WINDOWS\system32\uxtheme.dll
0x00007ffaca540000 - 0x00007ffaca660000 	C:\WINDOWS\system32\opengl32.dll
0x00007ffae8a00000 - 0x00007ffae8a2c000 	C:\WINDOWS\SYSTEM32\GLU32.dll
0x00007ffb02280000 - 0x00007ffb023f3000 	C:\WINDOWS\System32\MSCTF.dll
0x00007ffb02120000 - 0x00007ffb02271000 	C:\WINDOWS\System32\ole32.dll
0x00007ffaf93b0000 - 0x00007ffaf9547000 	C:\WINDOWS\system32\d3d9.dll
0x00007ffaec310000 - 0x00007ffaec3fe000 	C:\WINDOWS\System32\DriverStore\FileRepository\nv_dispi.inf_amd64_6bc621d9790e90e7\nvldumdx.dll
0x00007ffb011d0000 - 0x00007ffb013b2000 	C:\WINDOWS\System32\crypt32.dll
0x00007ffb00530000 - 0x00007ffb00542000 	C:\WINDOWS\System32\MSASN1.dll
0x00007ffb01170000 - 0x00007ffb011c7000 	C:\WINDOWS\System32\WINTRUST.DLL
0x00007ffb01960000 - 0x00007ffb0197d000 	C:\WINDOWS\System32\imagehlp.dll
0x00007ffaffec0000 - 0x00007ffaffed7000 	C:\WINDOWS\SYSTEM32\CRYPTSP.dll
0x00007ffaff8f0000 - 0x00007ffaff923000 	C:\WINDOWS\system32\rsaenh.dll
0x00007ffaffff0000 - 0x00007ffb00015000 	C:\WINDOWS\SYSTEM32\bcrypt.dll
0x00007ffaffee0000 - 0x00007ffaffeeb000 	C:\WINDOWS\SYSTEM32\CRYPTBASE.dll
0x00007ffabe330000 - 0x00007ffabf717000 	C:\WINDOWS\System32\DriverStore\FileRepository\nv_dispi.inf_amd64_6bc621d9790e90e7\nvd3dumx.dll
0x00007ffae9bf0000 - 0x00007ffae9cb4000 	C:\Program Files (x86)\NVIDIA Corporation\3D Vision\nvSCPAPI64.dll
0x00007ffb02420000 - 0x00007ffb0286b000 	C:\WINDOWS\System32\SETUPAPI.dll
0x00007ffacf230000 - 0x00007ffacf4b8000 	C:\WINDOWS\system32\nvspcap64.dll
0x00007ffaff690000 - 0x00007ffaff6c1000 	C:\WINDOWS\SYSTEM32\ntmarta.dll
0x00007ffaff1d0000 - 0x00007ffaff1f2000 	C:\WINDOWS\SYSTEM32\gpapi.dll
0x00007ffafac10000 - 0x00007ffafac3e000 	C:\WINDOWS\SYSTEM32\cryptnet.dll
0x00007ffb003c0000 - 0x00007ffb003e8000 	C:\WINDOWS\SYSTEM32\USERENV.dll
0x00007ffaffa90000 - 0x00007ffaffac8000 	C:\WINDOWS\SYSTEM32\IPHLPAPI.DLL
0x00007ffb01980000 - 0x00007ffb01988000 	C:\WINDOWS\System32\NSI.dll
0x00007ffafad60000 - 0x00007ffafad76000 	C:\WINDOWS\SYSTEM32\dhcpcsvc6.DLL
0x00007ffafabc0000 - 0x00007ffafabda000 	C:\WINDOWS\SYSTEM32\dhcpcsvc.DLL
0x0000000067800000 - 0x0000000067811000 	C:\Program Files\Java\jdk1.8.0_161\jre\bin\nio.dll
0x00000000637c0000 - 0x00000000637cd000 	C:\Users\Desktop\AppData\Local\Temp\jogamp_0000\file_cache\jln8040702179094626016\jln2930311608042245409\natives\windows-amd64\gluegen-rt.dll
0x00000000677f0000 - 0x00000000677f7000 	C:\Program Files\Java\jdk1.8.0_161\jre\bin\jawt.dll
0x000000006a440000 - 0x000000006a44d000 	C:\Users\Desktop\AppData\Local\Temp\jogamp_0000\file_cache\jln8040702179094626016\jln2930311608042245409\natives\windows-amd64\nativewindow_awt.dll
0x000000006c100000 - 0x000000006c10f000 	C:\Users\Desktop\AppData\Local\Temp\jogamp_0000\file_cache\jln8040702179094626016\jln2930311608042245409\natives\windows-amd64\nativewindow_win32.dll
0x0000000064500000 - 0x00000000645b1000 	C:\Users\Desktop\AppData\Local\Temp\jogamp_0000\file_cache\jln8040702179094626016\jln2930311608042245409\natives\windows-amd64\jogl_desktop.dll
0x0000000064340000 - 0x00000000643a2000 	C:\Users\Desktop\AppData\Local\Temp\jogamp_0000\file_cache\jln8040702179094626016\jln2930311608042245409\natives\windows-amd64\jogl_mobile.dll
0x0000000065160000 - 0x00000000677e3000 	C:\WINDOWS\System32\DriverStore\FileRepository\nv_dispi.inf_amd64_6bc621d9790e90e7\nvoglv64.dll
0x00007ffafc670000 - 0x00007ffafc683000 	C:\WINDOWS\SYSTEM32\WTSAPI32.dll
0x00007ffb002a0000 - 0x00007ffb002c7000 	C:\WINDOWS\SYSTEM32\DEVOBJ.dll
0x00007ffaff630000 - 0x00007ffaff686000 	C:\WINDOWS\SYSTEM32\WINSTA.dll
0x0000000065110000 - 0x0000000065157000 	C:\Program Files\Java\jdk1.8.0_161\jre\bin\fontmanager.dll
0x00007ffaed9c0000 - 0x00007ffaeda56000 	C:\WINDOWS\System32\TextInputFramework.dll
0x00007ffaed6a0000 - 0x00007ffaed9be000 	C:\WINDOWS\System32\CoreUIComponents.dll
0x00007ffafe120000 - 0x00007ffafe1fa000 	C:\WINDOWS\System32\CoreMessaging.dll
0x00007ffafc740000 - 0x00007ffafc88d000 	C:\WINDOWS\SYSTEM32\wintypes.dll
0x00007ffafaea0000 - 0x00007ffafb069000 	C:\WINDOWS\SYSTEM32\dbghelp.dll

VM Arguments:
jvm_args: -javaagent:C:\Program Files\JetBrains\IntelliJ IDEA 2017.3.1\lib\idea_rt.jar=51955:C:\Program Files\JetBrains\IntelliJ IDEA 2017.3.1\bin -Dfile.encoding=UTF-8 
java_command: a3.Starter
java_class_path (initial): C:\Program Files\Java\jdk1.8.0_161\jre\lib\charsets.jar;C:\Program Files\Java\jdk1.8.0_161\jre\lib\deploy.jar;C:\Program Files\Java\jdk1.8.0_161\jre\lib\ext\access-bridge-64.jar;C:\Program Files\Java\jdk1.8.0_161\jre\lib\ext\cldrdata.jar;C:\Program Files\Java\jdk1.8.0_161\jre\lib\ext\dnsns.jar;C:\Program Files\Java\jdk1.8.0_161\jre\lib\ext\jaccess.jar;C:\Program Files\Java\jdk1.8.0_161\jre\lib\ext\jfxrt.jar;C:\Program Files\Java\jdk1.8.0_161\jre\lib\ext\localedata.jar;C:\Program Files\Java\jdk1.8.0_161\jre\lib\ext\nashorn.jar;C:\Program Files\Java\jdk1.8.0_161\jre\lib\ext\sunec.jar;C:\Program Files\Java\jdk1.8.0_161\jre\lib\ext\sunjce_provider.jar;C:\Program Files\Java\jdk1.8.0_161\jre\lib\ext\sunmscapi.jar;C:\Program Files\Java\jdk1.8.0_161\jre\lib\ext\sunpkcs11.jar;C:\Program Files\Java\jdk1.8.0_161\jre\lib\ext\zipfs.jar;C:\Program Files\Java\jdk1.8.0_161\jre\lib\javaws.jar;C:\Program Files\Java\jdk1.8.0_161\jre\lib\jce.jar;C:\Program Files\Java\jdk1.8.0_161\jre\lib\jfr.jar;C:\Program Files\Java\jdk1.8.0_161\jre\lib\jfxswt.jar;C:\Program Files\Java\jdk1.8.0_161\jre\lib\jsse.jar;C:\Program Files\Java\jdk1.8.0_161\jre\lib\management-agent.jar;C:\Program Files\Java\jdk1.8.0_161\jre\lib\plugin.jar;C:\Program Files\Java\jdk1.8.0_161\jre\lib\resources.jar;C:\Program Files\Java\jdk1.8.0_161\jre\lib\rt.jar;C:\Users\Desktop\Desktop\A3\out\production\A3;C:\Users\Desktop\Desktop\Required\graphicslib3D\graphicslib3D.jar;C:\Users\Desktop\Desktop\Required\jogamp-all-platforms\jar\gluegen-rt.jar;C:\Users\Desktop\Desktop\Required\jogamp-all-platforms\jar\jogl-all.jar;C:\Program Files\JetBrains\IntelliJ IDEA 2017.3.1\lib\idea_rt.jar
Launcher Type: SUN_STANDARD

Environment Variables:
JAVA_HOME=C:\Program Files\Java\jdk1.8.0_161
CLASSPATH=C:\Users\Desktop\Desktop\Required\jogamp-all-platforms\jar\jogl-all.jar;C:\Users\Desktop\Desktop\Required\jogamp-all-platforms\jar\gluegen-rt.jar;C:\Users\Desktop\Desktop\Required\graphicslib3D\graphicslib3D.jar;
PATH=C:\Windows\system32;C:\Windows;C:\Windows\System32\Wbem;C:\Windows\System32\WindowsPowerShell\v1.0\;C:\Program Files\Java\jdk1.8.0_161\bin;C:\Program Files\PuTTY\;C:\WINDOWS\system32;C:\WINDOWS;C:\WINDOWS\System32\Wbem;C:\WINDOWS\System32\WindowsPowerShell\v1.0\;C:\WINDOWS\System32\OpenSSH\;C:\Program Files\nodejs\;C:\Program Files\dotnet\;C:\Program Files (x86)\Universal Extractor;C:\Program Files (x86)\Universal Extractor\bin;C:\Program Files (x86)\NVIDIA Corporation\PhysX\Common;C:\Users\Desktop\AppData\Local\Microsoft\WindowsApps;C:\Users\Desktop\AppData\Local\GitHubDesktop\bin;C:\Users\Desktop\AppData\Roaming\npm
USERNAME=Desktop
OS=Windows_NT
PROCESSOR_IDENTIFIER=Intel64 Family 6 Model 60 Stepping 3, GenuineIntel



---------------  S Y S T E M  ---------------

OS: Windows 10.0 , 64 bit Build 17134 (10.0.17134.1)

CPU:total 4 (initial active 4) (4 cores per cpu, 1 threads per core) family 6 model 60 stepping 3, cmov, cx8, fxsr, mmx, sse, sse2, sse3, ssse3, sse4.1, sse4.2, popcnt, avx, avx2, aes, clmul, erms, lzcnt, tsc, tscinvbit, bmi1, bmi2

Memory: 4k page, physical 16716652k(10734324k free), swap 19207020k(9997196k free)

vm_info: Java HotSpot(TM) 64-Bit Server VM (25.161-b12) for windows-amd64 JRE (1.8.0_161-b12), built on Dec 19 2017 17:52:25 by "java_re" with MS VC++ 10.0 (VS2010)

time: Wed Nov 14 12:59:01 2018
elapsed time: 2 seconds (0d 0h 0m 2s)

